[2026-05-20 10:49:30] [blog-pipeline] Progress saved to /root/blogpost-build-status.md
[2026-05-20 10:49:30] [OK] Workflow completed in /var/log/daybyday/blog-2026-05-20.log (224ss)
[2026-05-20 10:49:30] [blog-pipeline] Progress saved to /root/blogpost-build-status.md
[2026-05-20 10:49:30] [OK] Workflow completed in /root/logs/blog-2026-05-20.log (224ss)
[2026-05-20 10:52:22] [blog-pipeline] Progress saved to /root/blogpost-build-status.md
[2026-05-20 10:52:22] [OK] Workflow completed in /var/log/daybyday/blog-2026-05-20.log (224s)
[2026-05-20 10:52:22] [blog-pipeline] Progress saved to /root/blogpost-build-status.md
[2026-05-20 10:52:22] [OK] Workflow completed in /root/logs/blog-2026-05-20.log (224s)
[2026-05-20 10:53:29] [blog-pipeline] Progress saved to /root/blogpost-build-status.md
[2026-05-20 10:53:29] [OK] Workflow completed in /var/log/daybyday/blog-2026-05-20.log (224s)
[2026-05-20 10:53:29] [blog-pipeline] Progress saved to /root/blogpost-build-status.md
[2026-05-20 10:53:29] [OK] Workflow completed in /root/logs/blog-2026-05-20.log (224s)
[2026-05-20 10:54:27] [blog-pipeline] Progress saved to /root/blogpost-build-status.md
[2026-05-20 10:54:27] [OK] Workflow completed in /var/log/daybyday/blog-2026-05-20.log (224s)
[2026-05-20 11:41:15] [blog-pipeline] Progress saved to /root/blogpost-build-status.md
[2026-05-20 11:41:15] [OK] Workflow completed in /var/log/daybyday/blog-2026-05-20.log (s)
[2026-05-20 13:00:03] [blog-pipeline] Progress saved to /root/blogpost-build-status.md
[2026-05-20 13:00:03] [blog-pipeline] Progress saved to /root/blogpost-build-status.md
[2026-05-20 13:00:03] [OK] Workflow completed in /var/log/daybyday/blog-2026-05-20.log (s)
[2026-05-20 13:00:03] [OK] Workflow completed in /var/log/daybyday/blog-2026-05-20.log (s)
[2026-05-20 17:00:02] [blog-pipeline] Build start documented
[2026-05-20 17:00:02] [blog-pipeline] Build start documented
[2026-05-20 18:00:02] [blog-pipeline] Progress saved to /root/blogpost-build-status.md
[2026-05-20 18:00:02] [blog-pipeline] Progress saved to /root/blogpost-build-status.md
[2026-05-20 18:00:02] [OK] Workflow completed in /var/log/daybyday/blog-2026-05-20.log (263s)
[2026-05-20 18:00:02] [OK] Workflow completed in /var/log/daybyday/blog-2026-05-20.log (263s)
[2026-05-20 19:00:02] [blog-pipeline] Progress saved to /root/blogpost-build-status.md
[2026-05-20 19:00:02] [blog-pipeline] Progress saved to /root/blogpost-build-status.md
[2026-05-20 19:00:03] [OK] Workflow completed in /var/log/daybyday/blog-2026-05-20.log (263s)
[2026-05-20 19:00:03] [OK] Workflow completed in /var/log/daybyday/blog-2026-05-20.log (263s)
[2026-05-21 17:00:05] [blog-pipeline] Progress saved to /root/blogpost-build-status.md
[2026-05-21 17:00:05] [blog-pipeline] Progress saved to /root/blogpost-build-status.md
[2026-05-21 17:00:05] [OK] Workflow completed in /var/log/daybyday/blog-2026-05-21.log (s)
[2026-05-21 17:00:05] [OK] Workflow completed in /var/log/daybyday/blog-2026-05-21.log (s)
